<?xml version="1.0" encoding="UTF-8"?>
<!-- Generated by org.testng.reporters.JUnitReportReporter -->
<testsuite skipped="1" hostname="SRIMAMID-IN" name="com.crm.qa.testCases.ContactsPageTest" tests="3" failures="0" timestamp="04 May 2021 17:51:48 GMT" time="115.033" errors="0">
  <testcase name="addContacts" time="56.420" classname="com.crm.qa.testCases.ContactsPageTest"/>
  <testcase name="addContacts" time="58.613" classname="com.crm.qa.testCases.ContactsPageTest"/>
  <testcase name="validateContactsLabelDisplay" classname="com.crm.qa.testCases.ContactsPageTest">
    <skipped/>
  </testcase> <!-- validateContactsLabelDisplay -->
</testsuite> <!-- com.crm.qa.testCases.ContactsPageTest -->
