<?xml version="1.0" encoding="UTF-8"?>
<!-- Generated by org.testng.reporters.JUnitReportReporter -->
<testsuite skipped="0" hostname="SRIMAMID-IN" name="com.crm.qa.testCases.LoginPageTest" tests="2" failures="0" timestamp="04 May 2021 17:40:04 GMT" time="48.213" errors="0">
  <testcase name="loginPageTitleTest" time="18.322" classname="com.crm.qa.testCases.LoginPageTest"/>
  <testcase name="loginTest" time="29.891" classname="com.crm.qa.testCases.LoginPageTest"/>
</testsuite> <!-- com.crm.qa.testCases.LoginPageTest -->
