<?xml version="1.0" encoding="UTF-8"?>
<!-- Generated by org.testng.reporters.JUnitReportReporter -->
<testsuite skipped="0" hostname="SRIMAMID-IN" name="com.crm.qa.testCases.LoginPageTest" tests="2" failures="0" timestamp="04 May 2021 17:55:06 GMT" time="53.874" errors="0">
  <testcase name="loginPageTitleTest" time="17.044" classname="com.crm.qa.testCases.LoginPageTest"/>
  <testcase name="loginTest" time="36.830" classname="com.crm.qa.testCases.LoginPageTest"/>
</testsuite> <!-- com.crm.qa.testCases.LoginPageTest -->
