<?xml version="1.0" encoding="UTF-8"?>
<!-- Generated by org.testng.reporters.JUnitReportReporter -->
<testsuite skipped="1" hostname="SRIMAMID-IN" name="com.crm.qa.testCases.ContactsPageTest" tests="3" failures="0" timestamp="04 May 2021 17:55:06 GMT" time="117.006" errors="0">
  <testcase name="addContacts" time="60.482" classname="com.crm.qa.testCases.ContactsPageTest"/>
  <testcase name="addContacts" time="56.524" classname="com.crm.qa.testCases.ContactsPageTest"/>
  <testcase name="validateContactsLabelDisplay" classname="com.crm.qa.testCases.ContactsPageTest">
    <skipped/>
  </testcase> <!-- validateContactsLabelDisplay -->
</testsuite> <!-- com.crm.qa.testCases.ContactsPageTest -->
